<?xml version="1.0" encoding="UTF-8"?>
<!-- Generated by org.testng.reporters.JUnitReportReporter -->
<testsuite hostname="ZPPS-VIDHATE-WASTI" failures="0" tests="1" name="day7.FakerDataGenerator" time="0.525" errors="0" timestamp="2023-03-18T16:13:50 IST" skipped="0">
  <testcase classname="day7.FakerDataGenerator" name="testGenerateDummyData" time="0.525"/>
  <system-out/>
</testsuite> <!-- day7.FakerDataGenerator -->
