<?xml version="1.0" encoding="UTF-8"?>
<!-- Generated by org.testng.reporters.JUnitReportReporter -->
<testsuite hostname="ZPPS-VIDHATE-WASTI" failures="0" tests="1" name="day3.PathAndQueryParameters" time="6.360" errors="0" timestamp="2023-03-14T21:03:12 IST" skipped="0">
  <testcase classname="day3.PathAndQueryParameters" name="testQueryAndPathParameters" time="6.360"/>
  <system-out/>
</testsuite> <!-- day3.PathAndQueryParameters -->
