<?xml version="1.0" encoding="UTF-8"?>
<!-- Generated by org.testng.reporters.JUnitReportReporter -->
<testsuite hostname="ZPPS-VIDHATE-WASTI" failures="0" tests="1" name="day3.HeaderDemo" time="6.478" errors="0" timestamp="2023-04-02T14:10:42 IST" skipped="0">
  <testcase classname="day3.HeaderDemo" name="testAllHeaders" time="6.478"/>
  <system-out/>
</testsuite> <!-- day3.HeaderDemo -->
