<?xml version="1.0" encoding="UTF-8"?>
<!-- Generated by org.testng.reporters.JUnitReportReporter -->
<testsuite hostname="ZPPS-VIDHATE-WASTI" failures="0" tests="1" name="day3.LoggingDemo" time="9.681" errors="0" timestamp="2023-03-15T11:02:06 IST" skipped="0">
  <testcase classname="day3.LoggingDemo" name="testLogs" time="9.681"/>
  <system-out/>
</testsuite> <!-- day3.LoggingDemo -->
