<?xml version="1.0" encoding="UTF-8"?>
<!-- Generated by org.testng.reporters.JUnitReportReporter -->
<testsuite hostname="ZPPS-VIDHATE-WASTI" failures="0" tests="3" name="day4.ParsingJSONResponseData" time="5.521" errors="0" timestamp="2023-03-18T16:19:06 IST" skipped="0">
  <testcase classname="day4.ParsingJSONResponseData" name="testJsonResponse" time="5.294"/>
  <system-out/>
  <testcase classname="day4.ParsingJSONResponseData" name="testJsonResponseBodyData" time="0.147"/>
  <system-out/>
  <testcase classname="day4.ParsingJSONResponseData" name="testJsonResponseBodyDataSum" time="0.080"/>
  <system-out/>
</testsuite> <!-- day4.ParsingJSONResponseData -->
