<?xml version="1.0" encoding="UTF-8"?>
<!-- Generated by org.testng.reporters.JUnitReportReporter -->
<testsuite hostname="ZPPS-VIDHATE-WASTI" failures="0" tests="2" name="day3.CookiesDemo" time="7.223" errors="0" timestamp="2023-04-02T14:07:44 IST" skipped="1">
  <testcase classname="day3.CookiesDemo" name="getCookiesInfo" time="7.223"/>
  <system-out/>
  <testcase classname="day3.CookiesDemo" name="testCookies">
    <skipped/>
  </testcase> <!-- testCookies -->
  <system-out/>
</testsuite> <!-- day3.CookiesDemo -->
