<?xml version="1.0" encoding="UTF-8"?>
<!-- Generated by org.testng.reporters.JUnitReportReporter -->
<testsuite hostname="ZPPS-VIDHATE-WASTI" failures="0" tests="5" name="day2.WaysToCreatePostRequestBody" time="6.236" errors="0" timestamp="2023-03-14T17:29:59 IST" skipped="3">
  <testcase classname="day2.WaysToCreatePostRequestBody" name="testPostUsingExternalJsonFile" time="6.042"/>
  <system-out/>
  <testcase classname="day2.WaysToCreatePostRequestBody" name="testDelete" time="0.194"/>
  <system-out/>
  <testcase classname="day2.WaysToCreatePostRequestBody" name="testPostUsingPojo">
    <skipped/>
  </testcase> <!-- testPostUsingPojo -->
  <system-out/>
  <testcase classname="day2.WaysToCreatePostRequestBody" name="testPostUsingJsonLibrary">
    <skipped/>
  </testcase> <!-- testPostUsingJsonLibrary -->
  <system-out/>
  <testcase classname="day2.WaysToCreatePostRequestBody" name="testPostUsingHashMap">
    <skipped/>
  </testcase> <!-- testPostUsingHashMap -->
  <system-out/>
</testsuite> <!-- day2.WaysToCreatePostRequestBody -->
