<?xml version="1.0" encoding="UTF-8"?>
<!-- Generated by org.testng.reporters.JUnitReportReporter -->
<testsuite hostname="ZPPS-VIDHATE-WASTI" failures="0" tests="1" name="day6.XML_SchemaValidation" time="5.620" errors="0" timestamp="2023-03-16T22:30:33 IST" skipped="0">
  <testcase classname="day6.XML_SchemaValidation" name="jsonSchemaValidation" time="5.620"/>
  <system-out/>
</testsuite> <!-- day6.XML_SchemaValidation -->
