<?xml version="1.0" encoding="UTF-8"?>
<!-- Generated by org.testng.reporters.JUnitReportReporter -->
<testsuite hostname="ZPPS-VIDHATE-WASTI" failures="0" tests="1" name="day8.UpdateUserPut" time="2.561" errors="0" timestamp="2023-03-18T22:56:46 IST" skipped="0">
  <testcase classname="day8.UpdateUserPut" name="test_UpdateUser" time="2.561"/>
  <system-out/>
</testsuite> <!-- day8.UpdateUserPut -->
