<?xml version="1.0" encoding="UTF-8"?>
<!-- Generated by org.testng.reporters.JUnitReportReporter -->
<testsuite hostname="ZPPS-VIDHATE-WASTI" failures="0" tests="2" name="day6.SerializationDeserialization" time="0.750" errors="0" timestamp="2023-04-02T17:27:20 IST" skipped="0">
  <testcase classname="day6.SerializationDeserialization" name="convertPojoToJson" time="0.651"/>
  <system-out/>
  <testcase classname="day6.SerializationDeserialization" name="convertJsonToPojo" time="0.099"/>
  <system-out/>
</testsuite> <!-- day6.SerializationDeserialization -->
