<?xml version="1.0" encoding="UTF-8"?>
<!-- Generated by org.testng.reporters.JUnitReportReporter -->
<testsuite hostname="ZPPS-VIDHATE-WASTI" failures="0" tests="3" name="day4.ParsongJSONResponseData" time="8.692" errors="0" timestamp="2023-03-15T19:09:52 IST" skipped="0">
  <testcase classname="day4.ParsongJSONResponseData" name="testJsonResponse" time="8.505"/>
  <system-out/>
  <testcase classname="day4.ParsongJSONResponseData" name="testJsonResponseBodyData" time="0.114"/>
  <system-out/>
  <testcase classname="day4.ParsongJSONResponseData" name="testJsonResponseBodyDataSum" time="0.073"/>
  <system-out/>
</testsuite> <!-- day4.ParsongJSONResponseData -->
