<?xml version="1.0" encoding="UTF-8"?>
<!-- Generated by org.testng.reporters.JUnitReportReporter -->
<testsuite hostname="ZPPS-VIDHATE-WASTI" failures="0" tests="1" name="day8.GetUser" time="1.132" errors="0" timestamp="2023-03-18T22:56:46 IST" skipped="0">
  <testcase classname="day8.GetUser" name="test_getUser" time="1.132"/>
  <system-out/>
</testsuite> <!-- day8.GetUser -->
