<?xml version="1.0" encoding="UTF-8"?>
<!-- Generated by org.testng.reporters.JUnitReportReporter -->
<testsuite hostname="ZPPS-VIDHATE-WASTI" failures="0" tests="1" name="day1.HTTPRequest" time="12.978" errors="0" timestamp="2023-03-14T12:25:54 IST" skipped="0">
  <testcase classname="day1.HTTPRequest" name="getListUsers" time="12.978"/>
  <system-out/>
</testsuite> <!-- day1.HTTPRequest -->
