<?xml version="1.0" encoding="UTF-8"?>
<!-- Generated by org.testng.reporters.JUnitReportReporter -->
<testsuite hostname="ZPPS-VIDHATE-WASTI" failures="0" tests="2" name="day5.FileUploadAndDownload" time="5.828" errors="0" timestamp="2023-03-16T16:24:03 IST" skipped="0">
  <testcase classname="day5.FileUploadAndDownload" name="singleFileUpload" time="5.736"/>
  <system-out/>
  <testcase classname="day5.FileUploadAndDownload" name="fileDownload" time="0.092"/>
  <system-out/>
</testsuite> <!-- day5.FileUploadAndDownload -->
