<?xml version="1.0" encoding="UTF-8"?>
<!-- Generated by org.testng.reporters.JUnitReportReporter -->
<testsuite hostname="ZPPS-VIDHATE-WASTI" failures="0" tests="1" name="day6.JSON_SchemaValidation" time="5.753" errors="0" timestamp="2023-03-16T22:07:26 IST" skipped="0">
  <testcase classname="day6.JSON_SchemaValidation" name="jsonSchemaValidation" time="5.753"/>
  <system-out/>
</testsuite> <!-- day6.JSON_SchemaValidation -->
